<?xml version="1.0" encoding="UTF-8"?>
<testsuite xmlns:xsi="http://www.w3.org/2001/XMLSchema-instance" xsi:noNamespaceSchemaLocation="https://maven.apache.org/surefire/maven-surefire-plugin/xsd/surefire-test-report.xsd" version="3.0.2" name="com.offshore.platform.AdminSystemControllerTest" time="1.689" tests="3" errors="0" skipped="0" failures="0" flakes="0">
  <properties>
[...]
</properties>
  <testcase name="deletedUsersAreFilteredFromList" classname="com.offshore.platform.AdminSystemControllerTest" time="0.207">
    <system-out><![CDATA[2026-06-06 23:32:58.744 [] INFO  o.s.t.c.s.AnnotationConfigContextLoaderUtils - Could not detect default configuration classes for test class [com.offshore.platform.AdminSystemControllerTest]: AdminSystemControllerTest does not declare any static, non-private, non-final, nested classes annotated with @Configuration.
2026-06-06 23:32:58.749 [] INFO  o.s.b.t.c.SpringBootTestContextBootstrapper - Found @SpringBootConfiguration com.offshore.platform.PlatformWorkManagementApplication for test class com.offshore.platform.AdminSystemControllerTest

  .   ____          _            __ _ _
 /\\ / ___'_ __ _ _(_)_ __  __ _ \ \ \ \
( ( )\___ | '_ | '_| | '_ \/ _` | \ \ \ \
 \\/  ___)| |_)| | | | | || (_| |  ) ) ) )
  '  |____| .__|_| |_|_| |_\__, | / / / /
 =========|_|==============|___/=/_/_/_/

 :: Spring Boot ::               (v3.5.14)

2026-06-06 23:32:58.785 [] INFO  c.o.p.AdminSystemControllerTest - Starting AdminSystemControllerTest using Java 17.0.19 with PID 31968 (started by Li Cheng Xin in D:\桌面\海上平台现场作业管理系统\backend)
2026-06-06 23:32:58.785 [] INFO  c.o.p.AdminSystemControllerTest - No active profile set, falling back to 1 default profile: "default"
2026-06-06 23:32:59.128 [] INFO  o.s.b.t.a.j.TestDatabaseAutoConfiguration$EmbeddedDataSourceBeanFactoryPostProcessor - Replacing 'dataSource' DataSource bean with embedded version
2026-06-06 23:32:59.184 [] INFO  o.s.j.d.e.EmbeddedDatabaseFactory - Starting embedded database: url='jdbc:h2:mem:77db3912-3587-4178-ae42-75b6941c1fa9;DB_CLOSE_DELAY=-1;DB_CLOSE_ON_EXIT=false', username='sa'
2026-06-06 23:32:59.787 [] INFO  o.s.b.t.m.w.SpringBootMockServletContext - Initializing Spring TestDispatcherServlet ''
2026-06-06 23:32:59.787 [] INFO  o.s.t.w.s.TestDispatcherServlet - Initializing Servlet ''
2026-06-06 23:32:59.788 [] INFO  o.s.t.w.s.TestDispatcherServlet - Completed initialization in 1 ms
2026-06-06 23:32:59.797 [] INFO  c.o.p.AdminSystemControllerTest - Started AdminSystemControllerTest in 1.044 seconds (process running for 12.045)
2026-06-06 23:32:59.798 [] WARN  o.s.c.events.SpringDocAppInitializer - SpringDoc /v3/api-docs endpoint is enabled by default. To disable it in production, set the property 'springdoc.api-docs.enabled=false'
2026-06-06 23:32:59.798 [] WARN  o.s.c.events.SpringDocAppInitializer - SpringDoc /swagger-ui.html endpoint is enabled by default. To disable it in production, set the property 'springdoc.swagger-ui.enabled=false'
]]></system-out>
  </testcase>
  <testcase name="nonSystemAdminCannotAccessUserManagement" classname="com.offshore.platform.AdminSystemControllerTest" time="0.038"/>
  <testcase name="systemAdminCanManageUsersRolesAndPermissions" classname="com.offshore.platform.AdminSystemControllerTest" time="0.382"/>
</testsuite>